{"/Users/agiammarchi/git/function.this/test.js":{"path":"/Users/agiammarchi/git/function.this/test.js","s":{"1":1,"2":1,"3":1,"4":6,"5":1},"b":{},"f":{},"fnMap":{},"statementMap":{"1":{"start":{"line":1,"column":0},"end":{"line":1,"column":14}},"2":{"start":{"line":3,"column":0},"end":{"line":3,"column":36}},"3":{"start":{"line":5,"column":0},"end":{"line":5,"column":27}},"4":{"start":{"line":5,"column":21},"end":{"line":5,"column":26}},"5":{"start":{"line":7,"column":0},"end":{"line":11,"column":2}}},"branchMap":{}},"/Users/agiammarchi/git/function.this/index.js":{"path":"/Users/agiammarchi/git/function.this/index.js","s":{"1":1,"2":2,"3":2,"4":2,"5":2},"b":{},"f":{"1":2,"2":2},"fnMap":{"1":{"name":"(anonymous_1)","line":2,"loc":{"start":{"line":2,"column":71},"end":{"line":2,"column":81}}},"2":{"name":"(anonymous_2)","line":2,"loc":{"start":{"line":2,"column":131},"end":{"line":2,"column":142}}}},"statementMap":{"1":{"start":{"line":2,"column":0},"end":{"line":2,"column":167}},"2":{"start":{"line":2,"column":82},"end":{"line":2,"column":98}},"3":{"start":{"line":2,"column":98},"end":{"line":2,"column":124}},"4":{"start":{"line":2,"column":124},"end":{"line":2,"column":163}},"5":{"start":{"line":2,"column":143},"end":{"line":2,"column":162}}},"branchMap":{}}}